7
20
41
8
5
8
46
12
12
25
26
8
12
28
16
31
57
17
21
31
7
41
12
39
31
15
24
4
6
13
7
34
56
3
19
54
29
8
20
9
41
14
17
17
14
10
21
20
11
32
25
17
144
8
26
9
37
8
18
23
1
26
21
20
24
23
18
21
37
19
19
122
11
3
105
5
20
21
12
71
38
18
9
41
57
14
3
59
35
8
17
6
7
19
32
6
45
12
12
16
9
27
27
25
34
22
63
124
22
8
14
5
14
15
26
5
36
9
14
29
16
12
21
37
19
9
16
4
9
24
15
3
17
12
19
34
12
28
14
33
23
16
1
29
28
22
44
8
14
19
22
13
13
15
30
9
5
10
22
45
10
25
17
29
43
11
24
15
31
21
28
48
82
8
9
16
16
21
24
22
25
21
26
117
4
13
14
65
7
18
25
27
26
4
12
15
11
21
136
14
9
6
15
135
16
15
3
2
7
16
7
14
20
17
10
24
0
14
17
11
79
89
12
28
35
17
27
10
61
21
20
34
29
11
25
4
23
15
22
11
6
28
41
8
47
10
14
7
10
5
16
10
58
66
2
44
23
27
14
11
14
23
2
25
15
3
12
23
5
7
16
29
70
7
21
24
35
8
9
14
15
21
30
24
144
9
17
16
11
6
25
67
14
25
14
42
13
17
4
19
141
135
21
18
6
4
25
35
109
36
6
18
20
14
33
2
10
13
6
20
6
24
15
91
67
27
16
43
17
14
11
19
26
11
13
5
1
55
6
14
10
20
34
16
35
199
14
82
9
59
9
8
20
113
13
2
13
4
9
9
6
21
24
8
19
11
15
60
23
40
16
21
18
46
11
3
9
5
18
15
4
20
139
5
17
12
15
11
21
36
25
18
7
1
37
11
41
18
1
10
31
17
32
13
10
19
21
8
96
126
16
13
16
8
12
16
19
32
22
6
23
6
8
16
33
10
16
37
18
46
32
47
17
28
35
35
11
12
34
55
26
28
45
40
14
16
16
27
60
6
9
16
52
10
19
38
24
22
9
33
6
15
22
17
26
17
19
8
11
23
15
20
10
13
30
17
25
40
12
20
8
17
31
23
33
15
33
81
13
9
8
12
2
15
28
48
5
14
27
2
9
12
10
12
14
12
14
10
14
10
12
3
15
24
79
64
16
11
38
11
18
20
7
15
5
3
8
27
16
13
17
58
11
15
24
15
34
13
11
28
50
22
12
57
18
13
54
17
31
23
11
9
11
92
72
62
17
12
4
18
15
12
1
27
5
11
8
24
11
8
18
15
22
30
135
10
9
14
27
5
17
23
9
28
23
88
20
14
4
20
26
16
23
26
8
24
64
23
7
12
15
7
25
20
8
3
23
93
19
50
71
71
101
14
22
15
8
22
13
19
29
8
4
63
27
29
9
9
11
31
31
59
19
17
16
24
16
6
21
33
80
14
19
13
25
11
24
21
25
12
16
17
17
9
16
25
10
43
9
19
19
24
40
16
13
4
25
14
10
36
16
58
46
10
15
31
19
15
16
17
16
6
12
10
19
3
16
48
20
30
22
39
35
34
13
24
14
8
57
11
16
38
15
10
19
39
32
29
22
28
17
28
9
27
4
14
15
3
87
64
27
6
8
18
26
11
16
10
16
26
7
44
13
22
11
50
28
6
18
19
49
3
9
25
71
14
54
3
16
8
7
73
18
15
24
7
5
11
4
69
14
25
24
8
16
5
31
10
29
6
18
17
13
20
10
21
15
58
5
8
20
10
8
4
49
5
5
22
25
12
11
7
26
22
36
8
9
0
17
11
67
6
23
51
23
14
135
44
4
14
17
45
18
50
11
7
17
14
10
7
100
21
14
7
71
6
26
21
12
24
16
30
22
31
10
56
21
24
16
61
6
20
91
12
32
15
4
30
8
5
51
13
10
4
10
3
49
18
20
60
6
25
7
18
13
15
112
5
63
97
15
12
19
15
20
18
9
20
17
7
21
18
23
11
100
26
5
72
25
18
14
19
17
16
96
64
16
29
21
23
11
60
37
21
18
6
1
0
7
81
93
4
13
17
11
2
7
8
22
15
14
20
15
7
4
16
32
23
6
61
17
15
6
20
6
28
17
30
29
4
9
39
21
12
25
20
11
3
7
104
7
12
3
13
22
37
17
42
11
59
21
3
17
18
4
14
16
17
8
71
56
33
26
35
5
34
8
11
17
6
10
9
33
29
109
19
51
91
27
7
11
9
14
10
8
6
33
33
3
7
19
20
98
28
24
29
35
13
18
85
2
65
18
26
51
16
28
4
3
13
15
25
120
40
30
67
16
30
5
23
34
20
15
17
18
30
20
9
18
19
16
23
17
35
26
11
12
93
35
3
31
8
24
2
33
23
9
29
13
6
40
23
2
40
4
22
13
12
9
17
35
4
22
13
23
20
21
18
32
32
14
12
7
29
11
34
40
13
4
8
29
22
231
11
6
29
6
13
7
19
9
4
8
24
17
9
9
9
14
13
22
40
20
12
10
16
12
18
6
15
2
8
7
13
22
15
8
17
47
2
17
72
22
18
19
20
13
6
6
27
20
28
30
24
14
25
13
27
16
45
16
9
14
37
10
11
18
18
89
12
8
23
15
29
49
13
27
6
5
50
9
8
103
2
34
20
6
15
22
27
18
16
12
10
18
13
1
12
17
16
20
32
23
12
17
20
21
70
7
19
23
19
59
11
15
20
16
35
87
34
19
11
17
13
39
32
21
23
29
11
3
36
12
17
41
11
30
15
2
39
11
8
28
33
12
4
10
12
31
32
20
19
8
11
25
41
17
13
11
15
27
3
25
18
7
8
19
32
13
38
45
26
25
22
16
17
11
7
17
23
45
54
13
15
8
36
20
54
18
17
16
15
26
18
11
30
21
12
12
38
23
18
13
9
10
21
35
24
55
5
4
11
24
17
19
21
102
22
9
33
19
5
2
58
9
23
15
26
24
35
28
19
39
12
22
12
23
66
27
87
25
18
12
18
104
15
20
9
49
14
11
30
69
15
6
54
66
20
23
77
6
8
21
23
10
14
6
24
7
17
10
13
20
13
72
6
10
26
23
32
8
26
15
14
28
14
12
42
34
36
8
27
10
3
19
7
14
1
8
16
31
19
26
7
41
24
38
61
20
9
25
27
28
13
28
6
5
20
10
87
25
11
13
17
7
4
22
33
19
23
6
95
16
19
21
11
17
74
8
32
30
103
46
83
4
21
17
8
54
15
15
5
10
3
23
19
18
25
45
7
22
70
16
10
36
19
22
11
15
6
30
6
45
9
18
11
28
18
17
2
15
19
33
19
27
18
12
16
29
9
33
4
18
4
7
4
15
35
5
3
35
31
25
86
15
4
19
27
22
30
100
29
6
11
37
8
26
24
3
12
37
9
24
10
23
23
53
18
17
9
3
55
3
37
21
4
22
20
6
7
23
119
11
6
32
52
8
56
11
17
7
24
16
12
11
4
52
2
16
9
35
6
14
29
26
32
5
10
23
17
23
11
13
29
26
28
20
10
7
17
29
14
29
9
24
23
65
14
6
41
44
7
69
51
17
24
8
14
14
25
19
12
12
26
11
9
25
15
13
12
32
10
13
2
16
6
24
20
15
27
22
74
11
9
16
31
22
17
15
12
57
10
5
83
11
19
8
35
24
24
10
16
15
19
29
14
32
12
5
26
40
7
14
3
11
16
71
10
6
17
14
15
10
27
24
63
8
34
8
18
56
14
12
21
27
12
41
25
25
20
6
28
41
17
21
61
22
14
25
12
20
8
11
9
47
12
10
2
2
11
15
27
13
14
35
20
17
1
16
19
21
3
25
12
6
8
22
17
2
14
32
11
9
54
15
31
13
22
34
20
26
24
13
35
18
17
11
46
39
25
13
31
20
68
29
4
16
117
17
25
25
103
50
173
8
117
58
22
14
14
12
89
19
7
2
8
17
24
19
40
8
10
18
40
4
28
32
13
17
20
13
8
57
20
64
30
20
22
12
18
16
1
8
39
25
25
21
3
20
14
12
53
101
7
12
22
15
4
15
21
56
13
12
11
25
16
7
14
7
12
3
67
12
25
20
14
24
25
4
30
33
15
11
38
5
8
6
18
16
183
16
116
11
15
17
22
26
9
6
12
23
17
80
12
26
2
43
37
23
77
97
24
11
75
18
29
25
21
12
18
12
20
5
9
30
22
12
21
31
28
36
19
30
19
9
9
29
45
47
87
18
15
15
10
21
16
114
7
1
5
16
30
17
54
21
9
4
6
45
2
12
30
24
45
14
7
66
17
3
24
22
3
23
16
16
133
21
4
32
42
27
12
13
16
13
57
9
17
14
15
18
6
13
26
15
24
8
32
8
11
2
45
12
57
60
27
13
11
16
13
9
82
22
27
25
70
11
17
25
21
16
22
42
21
18
17
13
177
9
8
9
6
35
9
15
10
16
14
4
15
8
26
19
19
29
45
15
17
34
19
37
24
10
77
77
15
13
18
9
6
